{"/home/frankz/epn/metodologias-agiles/gestor-citas-medicas/src/components/appointments/AppointmentItem.tsx": {"path":"/home/frankz/epn/metodologias-agiles/gestor-citas-medicas/src/components/appointments/AppointmentItem.tsx","all":false,"statementMap":{"0":{"start":{"line":1,"column":0},"end":{"line":1,"column":47}},"1":{"start":{"line":2,"column":0},"end":{"line":2,"column":42}},"2":{"start":{"line":3,"column":0},"end":{"line":3,"column":54}},"3":{"start":{"line":4,"column":0},"end":{"line":4,"column":52}},"4":{"start":{"line":5,"column":0},"end":{"line":5,"column":0}},"5":{"start":{"line":6,"column":0},"end":{"line":6,"column":17}},"6":{"start":{"line":7,"column":0},"end":{"line":7,"column":26}},"7":{"start":{"line":8,"column":0},"end":{"line":8,"column":1}},"8":{"start":{"line":9,"column":0},"end":{"line":9,"column":0}},"9":{"start":{"line":10,"column":0},"end":{"line":10,"column":53}},"10":{"start":{"line":11,"column":0},"end":{"line":11,"column":92}},"11":{"start":{"line":12,"column":0},"end":{"line":12,"column":76}},"12":{"start":{"line":13,"column":0},"end":{"line":13,"column":74}},"13":{"start":{"line":14,"column":0},"end":{"line":14,"column":79}},"14":{"start":{"line":15,"column":0},"end":{"line":15,"column":0}},"15":{"start":{"line":16,"column":0},"end":{"line":16,"column":59}},"16":{"start":{"line":17,"column":0},"end":{"line":17,"column":28}},"17":{"start":{"line":18,"column":0},"end":{"line":18,"column":3}},"18":{"start":{"line":19,"column":0},"end":{"line":19,"column":10}},"19":{"start":{"line":20,"column":0},"end":{"line":20,"column":86}},"20":{"start":{"line":21,"column":0},"end":{"line":21,"column":105}},"21":{"start":{"line":22,"column":0},"end":{"line":22,"column":106}},"22":{"start":{"line":23,"column":0},"end":{"line":23,"column":133}},"23":{"start":{"line":24,"column":0},"end":{"line":24,"column":53}},"24":{"start":{"line":25,"column":0},"end":{"line":25,"column":90}},"25":{"start":{"line":26,"column":0},"end":{"line":26,"column":30}},"26":{"start":{"line":27,"column":0},"end":{"line":27,"column":117}},"27":{"start":{"line":28,"column":0},"end":{"line":28,"column":107}},"28":{"start":{"line":29,"column":0},"end":{"line":29,"column":104}},"29":{"start":{"line":30,"column":0},"end":{"line":30,"column":107}},"30":{"start":{"line":31,"column":0},"end":{"line":31,"column":14}},"31":{"start":{"line":32,"column":0},"end":{"line":32,"column":12}},"32":{"start":{"line":33,"column":0},"end":{"line":33,"column":48}},"33":{"start":{"line":34,"column":0},"end":{"line":34,"column":91}},"34":{"start":{"line":35,"column":0},"end":{"line":35,"column":30}},"35":{"start":{"line":36,"column":0},"end":{"line":36,"column":116}},"36":{"start":{"line":37,"column":0},"end":{"line":37,"column":106}},"37":{"start":{"line":38,"column":0},"end":{"line":38,"column":103}},"38":{"start":{"line":39,"column":0},"end":{"line":39,"column":106}},"39":{"start":{"line":40,"column":0},"end":{"line":40,"column":14}},"40":{"start":{"line":41,"column":0},"end":{"line":41,"column":18}},"41":{"start":{"line":42,"column":0},"end":{"line":42,"column":10}},"42":{"start":{"line":43,"column":0},"end":{"line":43,"column":3}},"43":{"start":{"line":44,"column":0},"end":{"line":44,"column":1}},"44":{"start":{"line":45,"column":0},"end":{"line":45,"column":0}},"45":{"start":{"line":46,"column":0},"end":{"line":46,"column":30}}},"s":{"0":1,"1":1,"2":1,"3":1,"4":1,"5":1,"6":1,"7":1,"8":1,"9":1,"10":1,"11":1,"12":1,"13":1,"14":1,"15":1,"16":1,"17":1,"18":0,"19":0,"20":0,"21":0,"22":1,"23":1,"24":1,"25":1,"26":1,"27":1,"28":1,"29":1,"30":1,"31":1,"32":1,"33":1,"34":1,"35":1,"36":1,"37":1,"38":1,"39":1,"40":1,"41":1,"42":1,"43":1,"44":1,"45":1},"branchMap":{"0":{"type":"branch","line":10,"loc":{"start":{"line":10,"column":24},"end":{"line":44,"column":1}},"locations":[{"start":{"line":10,"column":24},"end":{"line":44,"column":1}}]},"1":{"type":"branch","line":16,"loc":{"start":{"line":16,"column":20},"end":{"line":16,"column":58}},"locations":[{"start":{"line":16,"column":20},"end":{"line":16,"column":58}}]},"2":{"type":"branch","line":18,"loc":{"start":{"line":18,"column":2},"end":{"line":23,"column":119}},"locations":[{"start":{"line":18,"column":2},"end":{"line":23,"column":119}}]},"3":{"type":"branch","line":23,"loc":{"start":{"line":23,"column":111},"end":{"line":23,"column":129}},"locations":[{"start":{"line":23,"column":111},"end":{"line":23,"column":129}}]},"4":{"type":"branch","line":27,"loc":{"start":{"line":27,"column":89},"end":{"line":27,"column":113}},"locations":[{"start":{"line":27,"column":89},"end":{"line":27,"column":113}}]},"5":{"type":"branch","line":28,"loc":{"start":{"line":28,"column":89},"end":{"line":28,"column":103}},"locations":[{"start":{"line":28,"column":89},"end":{"line":28,"column":103}}]},"6":{"type":"branch","line":29,"loc":{"start":{"line":29,"column":87},"end":{"line":29,"column":100}},"locations":[{"start":{"line":29,"column":87},"end":{"line":29,"column":100}}]},"7":{"type":"branch","line":30,"loc":{"start":{"line":30,"column":88},"end":{"line":30,"column":103}},"locations":[{"start":{"line":30,"column":88},"end":{"line":30,"column":103}}]},"8":{"type":"branch","line":36,"loc":{"start":{"line":36,"column":89},"end":{"line":36,"column":112}},"locations":[{"start":{"line":36,"column":89},"end":{"line":36,"column":112}}]},"9":{"type":"branch","line":37,"loc":{"start":{"line":37,"column":89},"end":{"line":37,"column":102}},"locations":[{"start":{"line":37,"column":89},"end":{"line":37,"column":102}}]},"10":{"type":"branch","line":38,"loc":{"start":{"line":38,"column":87},"end":{"line":38,"column":99}},"locations":[{"start":{"line":38,"column":87},"end":{"line":38,"column":99}}]},"11":{"type":"branch","line":39,"loc":{"start":{"line":39,"column":88},"end":{"line":39,"column":102}},"locations":[{"start":{"line":39,"column":88},"end":{"line":39,"column":102}}]},"12":{"type":"branch","line":14,"loc":{"start":{"line":14,"column":46},"end":{"line":14,"column":78}},"locations":[{"start":{"line":14,"column":46},"end":{"line":14,"column":78}}]}},"b":{"0":[1],"1":[0],"2":[0],"3":[0],"4":[0],"5":[0],"6":[0],"7":[0],"8":[0],"9":[0],"10":[0],"11":[0],"12":[1]},"fnMap":{"0":{"name":"AppointmentItem","decl":{"start":{"line":10,"column":24},"end":{"line":44,"column":1}},"loc":{"start":{"line":10,"column":24},"end":{"line":44,"column":1}},"line":10}},"f":{"0":1}}
,"/home/frankz/epn/metodologias-agiles/gestor-citas-medicas/src/components/doctors/specialties.ts": {"path":"/home/frankz/epn/metodologias-agiles/gestor-citas-medicas/src/components/doctors/specialties.ts","all":false,"statementMap":{"0":{"start":{"line":1,"column":0},"end":{"line":1,"column":40}},"1":{"start":{"line":2,"column":0},"end":{"line":2,"column":0}},"2":{"start":{"line":3,"column":0},"end":{"line":3,"column":41}},"3":{"start":{"line":4,"column":0},"end":{"line":4,"column":3}},"4":{"start":{"line":5,"column":0},"end":{"line":5,"column":30}},"5":{"start":{"line":6,"column":0},"end":{"line":6,"column":28}},"6":{"start":{"line":7,"column":0},"end":{"line":7,"column":4}},"7":{"start":{"line":8,"column":0},"end":{"line":8,"column":3}},"8":{"start":{"line":9,"column":0},"end":{"line":9,"column":24}},"9":{"start":{"line":10,"column":0},"end":{"line":10,"column":23}},"10":{"start":{"line":11,"column":0},"end":{"line":11,"column":4}},"11":{"start":{"line":12,"column":0},"end":{"line":12,"column":3}},"12":{"start":{"line":13,"column":0},"end":{"line":13,"column":27}},"13":{"start":{"line":14,"column":0},"end":{"line":14,"column":26}},"14":{"start":{"line":15,"column":0},"end":{"line":15,"column":4}},"15":{"start":{"line":16,"column":0},"end":{"line":16,"column":3}},"16":{"start":{"line":17,"column":0},"end":{"line":17,"column":24}},"17":{"start":{"line":18,"column":0},"end":{"line":18,"column":23}},"18":{"start":{"line":19,"column":0},"end":{"line":19,"column":4}},"19":{"start":{"line":20,"column":0},"end":{"line":20,"column":3}},"20":{"start":{"line":21,"column":0},"end":{"line":21,"column":24}},"21":{"start":{"line":22,"column":0},"end":{"line":22,"column":23}},"22":{"start":{"line":23,"column":0},"end":{"line":23,"column":4}},"23":{"start":{"line":24,"column":0},"end":{"line":24,"column":1}}},"s":{"0":1,"1":1,"2":1,"3":1,"4":1,"5":1,"6":1,"7":1,"8":1,"9":1,"10":1,"11":1,"12":1,"13":1,"14":1,"15":1,"16":1,"17":1,"18":1,"19":1,"20":1,"21":1,"22":1,"23":1},"branchMap":{"0":{"type":"branch","line":24,"loc":{"start":{"line":24,"column":0},"end":{"line":24,"column":1}},"locations":[{"start":{"line":24,"column":0},"end":{"line":24,"column":1}}]}},"b":{"0":[1]},"fnMap":{"0":{"name":"get","decl":{"start":{"line":24,"column":0},"end":{"line":24,"column":1}},"loc":{"start":{"line":24,"column":0},"end":{"line":24,"column":1}},"line":24}},"f":{"0":1}}
,"/home/frankz/epn/metodologias-agiles/gestor-citas-medicas/src/firebase/config.ts": {"path":"/home/frankz/epn/metodologias-agiles/gestor-citas-medicas/src/firebase/config.ts","all":false,"statementMap":{"0":{"start":{"line":1,"column":0},"end":{"line":1,"column":23}},"1":{"start":{"line":2,"column":0},"end":{"line":2,"column":39}},"2":{"start":{"line":3,"column":0},"end":{"line":3,"column":47}},"3":{"start":{"line":4,"column":0},"end":{"line":4,"column":45}},"4":{"start":{"line":5,"column":0},"end":{"line":5,"column":53}},"5":{"start":{"line":6,"column":0},"end":{"line":6,"column":62}},"6":{"start":{"line":7,"column":0},"end":{"line":7,"column":37}},"7":{"start":{"line":8,"column":0},"end":{"line":8,"column":35}},"8":{"start":{"line":9,"column":0},"end":{"line":9,"column":33}},"9":{"start":{"line":10,"column":0},"end":{"line":10,"column":1}}},"s":{"0":1,"1":1,"2":1,"3":1,"4":1,"5":1,"6":1,"7":1,"8":1,"9":8},"branchMap":{"0":{"type":"branch","line":10,"loc":{"start":{"line":10,"column":0},"end":{"line":10,"column":1}},"locations":[{"start":{"line":10,"column":0},"end":{"line":10,"column":1}}]}},"b":{"0":[8]},"fnMap":{"0":{"name":"get","decl":{"start":{"line":10,"column":0},"end":{"line":10,"column":1}},"loc":{"start":{"line":10,"column":0},"end":{"line":10,"column":1}},"line":10}},"f":{"0":8}}
,"/home/frankz/epn/metodologias-agiles/gestor-citas-medicas/src/firebase/index.ts": {"path":"/home/frankz/epn/metodologias-agiles/gestor-citas-medicas/src/firebase/index.ts","all":false,"statementMap":{"0":{"start":{"line":1,"column":0},"end":{"line":1,"column":55}},"1":{"start":{"line":2,"column":0},"end":{"line":2,"column":45}},"2":{"start":{"line":3,"column":0},"end":{"line":3,"column":0}},"3":{"start":{"line":4,"column":0},"end":{"line":4,"column":60}},"4":{"start":{"line":5,"column":0},"end":{"line":5,"column":65}},"5":{"start":{"line":6,"column":0},"end":{"line":6,"column":0}},"6":{"start":{"line":7,"column":0},"end":{"line":7,"column":40}},"7":{"start":{"line":8,"column":0},"end":{"line":8,"column":34}},"8":{"start":{"line":9,"column":0},"end":{"line":9,"column":50}},"9":{"start":{"line":10,"column":0},"end":{"line":10,"column":40}},"10":{"start":{"line":11,"column":0},"end":{"line":11,"column":0}},"11":{"start":{"line":12,"column":0},"end":{"line":12,"column":31}},"12":{"start":{"line":13,"column":0},"end":{"line":13,"column":24}},"13":{"start":{"line":14,"column":0},"end":{"line":14,"column":32}},"14":{"start":{"line":15,"column":0},"end":{"line":15,"column":30}},"15":{"start":{"line":16,"column":0},"end":{"line":16,"column":38}},"16":{"start":{"line":17,"column":0},"end":{"line":17,"column":46}},"17":{"start":{"line":18,"column":0},"end":{"line":18,"column":22}},"18":{"start":{"line":19,"column":0},"end":{"line":19,"column":2}},"19":{"start":{"line":20,"column":0},"end":{"line":20,"column":0}},"20":{"start":{"line":21,"column":0},"end":{"line":21,"column":30}},"21":{"start":{"line":22,"column":0},"end":{"line":22,"column":23}},"22":{"start":{"line":23,"column":0},"end":{"line":23,"column":21}},"23":{"start":{"line":24,"column":0},"end":{"line":24,"column":30}},"24":{"start":{"line":25,"column":0},"end":{"line":25,"column":1}},"25":{"start":{"line":26,"column":0},"end":{"line":26,"column":0}},"26":{"start":{"line":27,"column":0},"end":{"line":27,"column":22}},"27":{"start":{"line":28,"column":0},"end":{"line":28,"column":42}},"28":{"start":{"line":29,"column":0},"end":{"line":29,"column":32}},"29":{"start":{"line":30,"column":0},"end":{"line":30,"column":0}},"30":{"start":{"line":31,"column":0},"end":{"line":31,"column":35}}},"s":{"0":1,"1":1,"2":1,"3":1,"4":1,"5":1,"6":1,"7":1,"8":1,"9":1,"10":1,"11":1,"12":1,"13":1,"14":1,"15":1,"16":1,"17":1,"18":0,"19":1,"20":1,"21":1,"22":1,"23":1,"24":1,"25":1,"26":1,"27":1,"28":1,"29":1,"30":1},"branchMap":{"0":{"type":"branch","line":25,"loc":{"start":{"line":25,"column":0},"end":{"line":25,"column":1}},"locations":[{"start":{"line":25,"column":0},"end":{"line":25,"column":1}}]},"1":{"type":"branch","line":29,"loc":{"start":{"line":29,"column":31},"end":{"line":29,"column":32}},"locations":[{"start":{"line":29,"column":31},"end":{"line":29,"column":32}}]},"2":{"type":"branch","line":31,"loc":{"start":{"line":31,"column":34},"end":{"line":31,"column":35}},"locations":[{"start":{"line":31,"column":34},"end":{"line":31,"column":35}}]}},"b":{"0":[1],"1":[1],"2":[1]},"fnMap":{"0":{"name":"get","decl":{"start":{"line":19,"column":0},"end":{"line":19,"column":2}},"loc":{"start":{"line":19,"column":0},"end":{"line":19,"column":2}},"line":19},"1":{"name":"get","decl":{"start":{"line":25,"column":0},"end":{"line":25,"column":1}},"loc":{"start":{"line":25,"column":0},"end":{"line":25,"column":1}},"line":25},"2":{"name":"get","decl":{"start":{"line":29,"column":31},"end":{"line":29,"column":32}},"loc":{"start":{"line":29,"column":31},"end":{"line":29,"column":32}},"line":29},"3":{"name":"get","decl":{"start":{"line":31,"column":34},"end":{"line":31,"column":35}},"loc":{"start":{"line":31,"column":34},"end":{"line":31,"column":35}},"line":31}},"f":{"0":0,"1":1,"2":1,"3":1}}
,"/home/frankz/epn/metodologias-agiles/gestor-citas-medicas/src/helpers/index.ts": {"path":"/home/frankz/epn/metodologias-agiles/gestor-citas-medicas/src/helpers/index.ts","all":false,"statementMap":{"0":{"start":{"line":1,"column":0},"end":{"line":1,"column":51}},"1":{"start":{"line":2,"column":0},"end":{"line":2,"column":59}},"2":{"start":{"line":3,"column":0},"end":{"line":3,"column":20}},"3":{"start":{"line":4,"column":0},"end":{"line":4,"column":18}},"4":{"start":{"line":5,"column":0},"end":{"line":5,"column":19}},"5":{"start":{"line":6,"column":0},"end":{"line":6,"column":20}},"6":{"start":{"line":7,"column":0},"end":{"line":7,"column":22}},"7":{"start":{"line":8,"column":0},"end":{"line":8,"column":5}},"8":{"start":{"line":9,"column":0},"end":{"line":9,"column":1}}},"s":{"0":1,"1":0,"2":0,"3":0,"4":0,"5":0,"6":0,"7":0,"8":0},"branchMap":{},"b":{},"fnMap":{"0":{"name":"formatDate","decl":{"start":{"line":1,"column":50},"end":{"line":9,"column":1}},"loc":{"start":{"line":1,"column":50},"end":{"line":9,"column":1}},"line":1},"1":{"name":"get","decl":{"start":{"line":9,"column":0},"end":{"line":9,"column":1}},"loc":{"start":{"line":9,"column":0},"end":{"line":9,"column":1}},"line":9}},"f":{"0":0,"1":0}}
}
